#-----------------------------------------------------------
# Webtalk v2018.3 (64-bit)
# SW Build 2405991 on Thu Dec  6 23:38:27 MST 2018
# 
# Start of session at: Thu Oct 12 22:36:04 2023
# Process ID: 9524
# Current directory: C:/Users/travisallabon/Lab_3/Lab_3.sdk/webtalk
# Command line: wbtcv.exe -mode batch -source sdk_webtalk.tcl
# Log file: C:/Users/travisallabon/Lab_3/Lab_3.sdk/webtalk/webtalk.log
# Journal file: C:/Users/travisallabon/Lab_3/Lab_3.sdk/webtalk\webtalk.jou
#-----------------------------------------------------------
source sdk_webtalk.tcl
# webtalk_init -webtalk_dir C:\\Users\\travisallabon\\Lab_3\\Lab_3.sdk\\webtalk
# webtalk_register_client -client project
# webtalk_add_data -client project -key date_generated -value "2023-10-12 22:36:01" -context "software_version_and_target_device"
# webtalk_add_data -client project -key product_version -value "SDK v2018.3" -context "software_version_and_target_device"
# webtalk_add_data -client project -key build_version -value "2018.3" -context "software_version_and_target_device"
# webtalk_add_data -client project -key os_platform -value "amd64" -context "software_version_and_target_device"
# webtalk_add_data -client project -key registration_id -value "211142296_1777514147_210729583_846" -context "software_version_and_target_device"
# webtalk_add_data -client project -key tool_flow -value "SDK" -context "software_version_and_target_device"
# webtalk_add_data -client project -key beta -value "false" -context "software_version_and_target_device"
# webtalk_add_data -client project -key route_design -value "NA" -context "software_version_and_target_device"
# webtalk_add_data -client project -key target_family -value "NA" -context "software_version_and_target_device"
# webtalk_add_data -client project -key target_device -value "NA" -context "software_version_and_target_device"
# webtalk_add_data -client project -key target_package -value "NA" -context "software_version_and_target_device"
# webtalk_add_data -client project -key target_speed -value "NA" -context "software_version_and_target_device"
# webtalk_add_data -client project -key random_id -value "goec4pam0v0s24v54n93s1f51j" -context "software_version_and_target_device"
# webtalk_add_data -client project -key project_id -value "2018.3_5" -context "software_version_and_target_device"
# webtalk_add_data -client project -key project_iteration -value "5" -context "software_version_and_target_device"
# webtalk_add_data -client project -key os_name -value "Microsoft Windows 8 or later , 64-bit" -context "user_environment"
# webtalk_add_data -client project -key os_release -value "major release  (build 9200)" -context "user_environment"
# webtalk_add_data -client project -key cpu_name -value "Apple Silicon" -context "user_environment"
# webtalk_add_data -client project -key cpu_speed -value "3200 MHz" -context "user_environment"
# webtalk_add_data -client project -key total_processors -value "1" -context "user_environment"
# webtalk_add_data -client project -key system_ram -value "6.437 GB" -context "user_environment"
# webtalk_register_client -client sdk
# webtalk_add_data -client sdk -key uid -value "1697127575774" -context "sdk\\\\hardware/1697127575774"
# webtalk_add_data -client sdk -key isZynq -value "true" -context "sdk\\\\hardware/1697127575774"
# webtalk_add_data -client sdk -key isZynqMP -value "false" -context "sdk\\\\hardware/1697127575774"
# webtalk_add_data -client sdk -key Processors -value "2" -context "sdk\\\\hardware/1697127575774"
# webtalk_add_data -client sdk -key VivadoVersion -value "2018.3" -context "sdk\\\\hardware/1697127575774"
# webtalk_add_data -client sdk -key Arch -value "zynq" -context "sdk\\\\hardware/1697127575774"
# webtalk_add_data -client sdk -key Device -value "7z020" -context "sdk\\\\hardware/1697127575774"
# webtalk_add_data -client sdk -key IsHandoff -value "true" -context "sdk\\\\hardware/1697127575774"
# webtalk_add_data -client sdk -key os -value "NA" -context "sdk\\\\hardware/1697127575774"
# webtalk_add_data -client sdk -key apptemplate -value "NA" -context "sdk\\\\hardware/1697127575774"
# webtalk_add_data -client sdk -key RecordType -value "HWCreation" -context "sdk\\\\hardware/1697127575774"
# webtalk_add_data -client sdk -key uid -value "1697127961812" -context "sdk\\\\bsp/1697127961812"
# webtalk_add_data -client sdk -key hwid -value "1697127575774" -context "sdk\\\\bsp/1697127961812"
# webtalk_add_data -client sdk -key os -value "standalone" -context "sdk\\\\bsp/1697127961812"
# webtalk_add_data -client sdk -key apptemplate -value "empty_application" -context "sdk\\\\bsp/1697127961812"
# webtalk_add_data -client sdk -key RecordType -value "BSPCreation" -context "sdk\\\\bsp/1697127961812"
# webtalk_add_data -client sdk -key uid -value "1697127965667" -context "sdk\\\\application/1697127965667"
# webtalk_add_data -client sdk -key hwid -value "1697127575774" -context "sdk\\\\application/1697127965667"
# webtalk_add_data -client sdk -key bspid -value "1697127961812" -context "sdk\\\\application/1697127965667"
# webtalk_add_data -client sdk -key newbsp -value "true" -context "sdk\\\\application/1697127965667"
# webtalk_add_data -client sdk -key os -value "standalone" -context "sdk\\\\application/1697127965667"
# webtalk_add_data -client sdk -key apptemplate -value "empty_application" -context "sdk\\\\application/1697127965667"
# webtalk_add_data -client sdk -key RecordType -value "APPCreation" -context "sdk\\\\application/1697127965667"
# webtalk_add_data -client sdk -key LangUsed -value "C" -context "sdk\\\\application/1697127965667"
# webtalk_add_data -client sdk -key Procused -value "ps7_cortexa9" -context "sdk\\\\application/1697127965667"
# webtalk_add_data -client sdk -key projSize -value "241.07421875" -context "sdk\\\\application/1697127965667"
# webtalk_add_data -client sdk -key uid -value "NA" -context "sdk\\\\bsp/1697164561768"
# webtalk_add_data -client sdk -key RecordType -value "ToolUsage" -context "sdk\\\\bsp/1697164561768"
# webtalk_add_data -client sdk -key BootgenCount -value "0" -context "sdk\\\\bsp/1697164561768"
# webtalk_add_data -client sdk -key DebugCount -value "2" -context "sdk\\\\bsp/1697164561768"
# webtalk_add_data -client sdk -key PerfCount -value "0" -context "sdk\\\\bsp/1697164561768"
# webtalk_add_data -client sdk -key FlashCount -value "0" -context "sdk\\\\bsp/1697164561768"
# webtalk_add_data -client sdk -key CrossTriggCount -value "0" -context "sdk\\\\bsp/1697164561768"
# webtalk_add_data -client sdk -key QemuDebugCount -value "0" -context "sdk\\\\bsp/1697164561768"
# webtalk_transmit -clientid 3946655273 -regid "211142296_1777514147_210729583_846" -xml C:\\Users\\travisallabon\\Lab_3\\Lab_3.sdk\\webtalk\\usage_statistics_ext_sdk.xml -html C:\\Users\\travisallabon\\Lab_3\\Lab_3.sdk\\webtalk\\usage_statistics_ext_sdk.html -wdm C:\\Users\\travisallabon\\Lab_3\\Lab_3.sdk\\webtalk\\sdk_webtalk.wdm -intro "<H3>SDK Usage Report</H3><BR>"
# webtalk_terminate
INFO: [Common 17-206] Exiting Webtalk at Thu Oct 12 22:36:11 2023...
