12:19:11 INFO  : Registering command handlers for SDK TCF services
12:19:13 INFO  : Launching XSCT server: xsct.bat -interactive C:\Users\travisallabon\Lab_3\Lab_3.sdk\temp_xsdb_launch_script.tcl
12:19:19 INFO  : XSCT server has started successfully.
12:19:23 INFO  : Successfully done setting XSCT server connection channel  
12:19:23 INFO  : Processing command line option -hwspec C:/Users/travisallabon/Lab_3/Lab_3.sdk/design_1_wrapper.hdf.
12:19:23 INFO  : Successfully done setting SDK workspace  
13:01:29 INFO  : Connected to target on host '127.0.0.1' and port '3121'.
13:01:30 INFO  : Jtag cable 'Xilinx PYNQ-Z1 003017B844A0A' is selected.
13:01:30 INFO  : 'jtag frequency' command is executed.
13:01:30 INFO  : Sourcing of 'C:/Users/travisallabon/Lab_3/Lab_3.sdk/design_1_wrapper_hw_platform_0/ps7_init.tcl' is done.
13:01:30 INFO  : 'targets -set -filter {jtag_cable_name =~ "Xilinx PYNQ-Z1 003017B844A0A" && level==0} -index 1' command is executed.
13:01:33 INFO  : FPGA configured successfully with bitstream "C:/Users/travisallabon/Lab_3/Lab_3.sdk/design_1_wrapper_hw_platform_0/design_1_wrapper.bit"
13:01:33 INFO  : Context for 'APU' is selected.
13:01:33 INFO  : Hardware design information is loaded from 'C:/Users/travisallabon/Lab_3/Lab_3.sdk/design_1_wrapper_hw_platform_0/system.hdf'.
13:01:33 INFO  : 'configparams force-mem-access 1' command is executed.
13:01:33 INFO  : Context for 'APU' is selected.
13:01:34 INFO  : 'stop' command is executed.
13:01:35 INFO  : 'ps7_init' command is executed.
13:01:35 INFO  : 'ps7_post_config' command is executed.
13:01:35 INFO  : Context for processor 'ps7_cortexa9_0' is selected.
13:01:35 INFO  : Processor reset is completed for 'ps7_cortexa9_0'.
13:01:35 INFO  : Context for processor 'ps7_cortexa9_0' is selected.
13:01:36 INFO  : The application 'C:/Users/travisallabon/Lab_3/Lab_3.sdk/lab_3/Debug/lab_3.elf' is downloaded to processor 'ps7_cortexa9_0'.
13:01:36 INFO  : 'configparams force-mem-access 0' command is executed.
13:01:36 INFO  : ----------------XSDB Script----------------
connect -url tcp:127.0.0.1:3121
source C:/Users/travisallabon/Lab_3/Lab_3.sdk/design_1_wrapper_hw_platform_0/ps7_init.tcl
targets -set -filter {jtag_cable_name =~ "Xilinx PYNQ-Z1 003017B844A0A" && level==0} -index 1
fpga -file C:/Users/travisallabon/Lab_3/Lab_3.sdk/design_1_wrapper_hw_platform_0/design_1_wrapper.bit
targets -set -nocase -filter {name =~"APU*" && jtag_cable_name =~ "Xilinx PYNQ-Z1 003017B844A0A"} -index 0
loadhw -hw C:/Users/travisallabon/Lab_3/Lab_3.sdk/design_1_wrapper_hw_platform_0/system.hdf -mem-ranges [list {0x40000000 0xbfffffff}]
configparams force-mem-access 1
targets -set -nocase -filter {name =~"APU*" && jtag_cable_name =~ "Xilinx PYNQ-Z1 003017B844A0A"} -index 0
stop
ps7_init
ps7_post_config
targets -set -nocase -filter {name =~ "ARM*#0" && jtag_cable_name =~ "Xilinx PYNQ-Z1 003017B844A0A"} -index 0
rst -processor
targets -set -nocase -filter {name =~ "ARM*#0" && jtag_cable_name =~ "Xilinx PYNQ-Z1 003017B844A0A"} -index 0
dow C:/Users/travisallabon/Lab_3/Lab_3.sdk/lab_3/Debug/lab_3.elf
configparams force-mem-access 0
----------------End of Script----------------

13:01:36 INFO  : Memory regions updated for context APU
13:01:36 INFO  : Context for processor 'ps7_cortexa9_0' is selected.
13:01:36 INFO  : 'con' command is executed.
13:01:36 INFO  : ----------------XSDB Script (After Launch)----------------
targets -set -nocase -filter {name =~ "ARM*#0" && jtag_cable_name =~ "Xilinx PYNQ-Z1 003017B844A0A"} -index 0
con
----------------End of Script----------------

13:01:36 INFO  : Launch script is exported to file 'C:\Users\travisallabon\Lab_3\Lab_3.sdk\.sdk\launch_scripts\xilinx_c-c++_application_(system_debugger)\system_debugger_using_debug_lab_3.elf_on_local.tcl'
13:04:14 INFO  : Disconnected from the channel tcfchan#1.
13:04:15 INFO  : Connected to target on host '127.0.0.1' and port '3121'.
13:04:16 INFO  : Jtag cable 'Xilinx PYNQ-Z1 003017B844A0A' is selected.
13:04:16 INFO  : 'jtag frequency' command is executed.
13:04:16 INFO  : Sourcing of 'C:/Users/travisallabon/Lab_3/Lab_3.sdk/design_1_wrapper_hw_platform_0/ps7_init.tcl' is done.
13:04:16 INFO  : 'targets -set -filter {jtag_cable_name =~ "Xilinx PYNQ-Z1 003017B844A0A" && level==0} -index 1' command is executed.
13:04:18 INFO  : FPGA configured successfully with bitstream "C:/Users/travisallabon/Lab_3/Lab_3.sdk/design_1_wrapper_hw_platform_0/design_1_wrapper.bit"
13:04:18 INFO  : Context for 'APU' is selected.
13:04:24 INFO  : Hardware design information is loaded from 'C:/Users/travisallabon/Lab_3/Lab_3.sdk/design_1_wrapper_hw_platform_0/system.hdf'.
13:04:24 INFO  : 'configparams force-mem-access 1' command is executed.
13:04:24 INFO  : Context for 'APU' is selected.
13:04:24 INFO  : 'stop' command is executed.
13:04:26 INFO  : 'ps7_init' command is executed.
13:04:26 INFO  : 'ps7_post_config' command is executed.
13:04:26 INFO  : Context for processor 'ps7_cortexa9_0' is selected.
13:04:26 INFO  : Processor reset is completed for 'ps7_cortexa9_0'.
13:04:26 INFO  : Context for processor 'ps7_cortexa9_0' is selected.
13:04:27 INFO  : The application 'C:/Users/travisallabon/Lab_3/Lab_3.sdk/lab_3/Debug/lab_3.elf' is downloaded to processor 'ps7_cortexa9_0'.
13:04:27 INFO  : 'configparams force-mem-access 0' command is executed.
13:04:27 INFO  : ----------------XSDB Script----------------
connect -url tcp:127.0.0.1:3121
source C:/Users/travisallabon/Lab_3/Lab_3.sdk/design_1_wrapper_hw_platform_0/ps7_init.tcl
targets -set -filter {jtag_cable_name =~ "Xilinx PYNQ-Z1 003017B844A0A" && level==0} -index 1
fpga -file C:/Users/travisallabon/Lab_3/Lab_3.sdk/design_1_wrapper_hw_platform_0/design_1_wrapper.bit
targets -set -nocase -filter {name =~"APU*" && jtag_cable_name =~ "Xilinx PYNQ-Z1 003017B844A0A"} -index 0
loadhw -hw C:/Users/travisallabon/Lab_3/Lab_3.sdk/design_1_wrapper_hw_platform_0/system.hdf -mem-ranges [list {0x40000000 0xbfffffff}]
configparams force-mem-access 1
targets -set -nocase -filter {name =~"APU*" && jtag_cable_name =~ "Xilinx PYNQ-Z1 003017B844A0A"} -index 0
stop
ps7_init
ps7_post_config
targets -set -nocase -filter {name =~ "ARM*#0" && jtag_cable_name =~ "Xilinx PYNQ-Z1 003017B844A0A"} -index 0
rst -processor
targets -set -nocase -filter {name =~ "ARM*#0" && jtag_cable_name =~ "Xilinx PYNQ-Z1 003017B844A0A"} -index 0
dow C:/Users/travisallabon/Lab_3/Lab_3.sdk/lab_3/Debug/lab_3.elf
configparams force-mem-access 0
----------------End of Script----------------

13:04:27 INFO  : Memory regions updated for context APU
13:04:27 INFO  : Context for processor 'ps7_cortexa9_0' is selected.
13:04:27 INFO  : 'con' command is executed.
13:04:27 INFO  : ----------------XSDB Script (After Launch)----------------
targets -set -nocase -filter {name =~ "ARM*#0" && jtag_cable_name =~ "Xilinx PYNQ-Z1 003017B844A0A"} -index 0
con
----------------End of Script----------------

13:04:27 INFO  : Launch script is exported to file 'C:\Users\travisallabon\Lab_3\Lab_3.sdk\.sdk\launch_scripts\xilinx_c-c++_application_(system_debugger)\system_debugger_using_debug_lab_3.elf_on_local.tcl'
22:36:02 INFO  : Disconnected from the channel tcfchan#2.
