INFO: [VRFC 10-2263] Analyzing Verilog file "C:/Users/travisallabon/Lab_3/Lab_3.ip_user_files/bd/design_1/ip/design_1_processing_system7_0_0/sim/design_1_processing_system7_0_0.v" into library xil_defaultlib
INFO: [VRFC 10-311] analyzing module design_1_processing_system7_0_0
INFO: [VRFC 10-2263] Analyzing Verilog file "C:/Users/travisallabon/Lab_3/Lab_3.ip_user_files/bd/design_1/ip/design_1_xlslice_0_0/sim/design_1_xlslice_0_0.v" into library xil_defaultlib
INFO: [VRFC 10-311] analyzing module design_1_xlslice_0_0
INFO: [VRFC 10-2263] Analyzing Verilog file "C:/Users/travisallabon/Lab_3/Lab_3.ip_user_files/bd/design_1/ip/design_1_xlslice_1_0/sim/design_1_xlslice_1_0.v" into library xil_defaultlib
INFO: [VRFC 10-311] analyzing module design_1_xlslice_1_0
INFO: [VRFC 10-2263] Analyzing Verilog file "C:/Users/travisallabon/Lab_3/Lab_3.ip_user_files/bd/design_1/ip/design_1_auto_pc_0/sim/design_1_auto_pc_0.v" into library xil_defaultlib
INFO: [VRFC 10-311] analyzing module design_1_auto_pc_0
INFO: [VRFC 10-2263] Analyzing Verilog file "C:/Users/travisallabon/Lab_3/Lab_3.sim/sim_1/behav/xsim/glbl.v" into library xil_defaultlib
INFO: [VRFC 10-311] analyzing module glbl
INFO: [VRFC 10-163] Analyzing VHDL file "C:/Users/travisallabon/Lab_3/Lab_3.srcs/sources_1/new/shift32bit.vhd" into library xil_defaultlib
INFO: [VRFC 10-3107] analyzing entity 'shift32bit'
INFO: [VRFC 10-163] Analyzing VHDL file "C:/Users/travisallabon/Lab_3/Lab_3.srcs/sources_1/new/Multiplier_32_bit.vhd" into library xil_defaultlib
INFO: [VRFC 10-3107] analyzing entity 'Multiplier_32_bit'
INFO: [VRFC 10-163] Analyzing VHDL file "C:/Users/travisallabon/Lab_3/Lab_3.ip_user_files/bd/design_1/ipshared/5a01/src/mm_regmap.vhd" into library xil_defaultlib
INFO: [VRFC 10-3107] analyzing entity 'mm_regmap'
INFO: [VRFC 10-163] Analyzing VHDL file "C:/Users/travisallabon/Lab_3/Lab_3.ip_user_files/bd/design_1/ipshared/5a01/src/axi_regmap.vhd" into library xil_defaultlib
INFO: [VRFC 10-3107] analyzing entity 'axi_regmap'
INFO: [VRFC 10-163] Analyzing VHDL file "C:/Users/travisallabon/Lab_3/Lab_3.ip_user_files/bd/design_1/ip/design_1_axi_regmap_0_0/sim/design_1_axi_regmap_0_0.vhd" into library xil_defaultlib
INFO: [VRFC 10-3107] analyzing entity 'design_1_axi_regmap_0_0'
INFO: [VRFC 10-163] Analyzing VHDL file "C:/Users/travisallabon/Lab_3/Lab_3.ip_user_files/bd/design_1/ip/design_1_rst_ps7_0_100M_0/sim/design_1_rst_ps7_0_100M_0.vhd" into library xil_defaultlib
INFO: [VRFC 10-3107] analyzing entity 'design_1_rst_ps7_0_100M_0'
INFO: [VRFC 10-163] Analyzing VHDL file "C:/Users/travisallabon/Lab_3/Lab_3.ip_user_files/bd/design_1/ip/design_1_Multiplier_32_bit_0_0/sim/design_1_Multiplier_32_bit_0_0.vhd" into library xil_defaultlib
INFO: [VRFC 10-3107] analyzing entity 'design_1_Multiplier_32_bit_0_0'
INFO: [VRFC 10-163] Analyzing VHDL file "C:/Users/travisallabon/Lab_3/Lab_3.ip_user_files/bd/design_1/sim/design_1.vhd" into library xil_defaultlib
INFO: [VRFC 10-3107] analyzing entity 's00_couplers_imp_UYSKKA'
INFO: [VRFC 10-3107] analyzing entity 'design_1_ps7_0_axi_periph_0'
INFO: [VRFC 10-3107] analyzing entity 'design_1'
INFO: [VRFC 10-163] Analyzing VHDL file "C:/Users/travisallabon/Lab_3/Lab_3.srcs/sources_1/bd/design_1/hdl/design_1_wrapper.vhd" into library xil_defaultlib
INFO: [VRFC 10-3107] analyzing entity 'design_1_wrapper'
