11:11:06 **** Auto Build of configuration Debug for project lab1 ****
make pre-build main-build 
a9-linaro-pre-build-step
' '
'Building file: ../src/ctest.c'
'Invoking: ARM v7 gcc compiler'
arm-none-eabi-gcc -Wall -O0 -g3 -c -fmessage-length=0 -MT"src/ctest.o" -mcpu=cortex-a9 -mfpu=vfpv3 -mfloat-abi=hard -I../../lab1_bsp/ps7_cortexa9_0/include -MMD -MP -MF"src/ctest.d" -MT"src/ctest.o" -o "src/ctest.o" "../src/ctest.c"
../src/ctest.c: In function 'main':
../src/ctest.c:27:18: warning: unknown conversion type character '\x0a' in format [-Wformat=]
   printf("Cout =%\n", t);//print carry
                  ^~
../src/ctest.c:27:10: warning: too many arguments for format [-Wformat-extra-args]
   printf("Cout =%\n", t);//print carry
          ^~~~~~~~~~~
'Finished building: ../src/ctest.c'
' '
'Building target: lab1.elf'
'Invoking: ARM v7 gcc linker'
arm-none-eabi-gcc -mcpu=cortex-a9 -mfpu=vfpv3 -mfloat-abi=hard -Wl,-build-id=none -specs=Xilinx.spec -Wl,-T -Wl,../src/lscript.ld -L../../lab1_bsp/ps7_cortexa9_0/lib -o "lab1.elf"  ./src/ctest.o   -Wl,--start-group,-lxil,-lgcc,-lc,--end-group
c:/xilinx/sdk/2018.3/gnu/aarch32/nt/gcc-arm-none-eabi/bin/../lib/gcc/arm-none-eabi/7.3.1/../../../../arm-none-eabi/bin/ld.exe: cannot find -lxil
collect2.exe: error: ld returned 1 exit status
make: *** [makefile:41: lab1.elf] Error 1

11:11:07 Build Finished (took 547ms)

